# JRE version: OpenJDK Runtime Environment (8.0_242-b01) (build 1.8.0_242-release-1644-b01)
# Java VM: OpenJDK 64-Bit Server VM (25.242-b01 mixed mode windows-amd64 compressed oops)
Heap:
 PSYoungGen      total 592384K, used 542625K [0x00000000d5580000, 0x00000000fdf00000, 0x0000000100000000)
  eden space 560640K, 92% used [0x00000000d5580000,0x00000000f5127678,0x00000000f7900000)
  from space 31744K, 71% used [0x00000000fc000000,0x00000000fd640e78,0x00000000fdf00000)
  to   space 52224K, 0% used [0x00000000f7900000,0x00000000f7900000,0x00000000fac00000)
 ParOldGen       total 499712K, used 72392K [0x0000000080000000, 0x000000009e800000, 0x00000000d5580000)
  object space 499712K, 14% used [0x0000000080000000,0x00000000846b2020,0x000000009e800000)
 Metaspace       used 123263K, capacity 132166K, committed 132300K, reserved 1165312K
  class space    used 15688K, capacity 17135K, committed 17152K, reserved 1048576K
GC Heap History (10 events):
Event: 4732.039 GC heap before
{Heap before GC invocations=22 (full 4):
 PSYoungGen      total 614912K, used 614870K [0x00000000d5580000, 0x00000000ffd00000, 0x0000000100000000)
  eden space 589312K, 100% used [0x00000000d5580000,0x00000000f9500000,0x00000000f9500000)
  from space 25600K, 99% used [0x00000000f9500000,0x00000000fadf5908,0x00000000fae00000)
  to   space 52224K, 0% used [0x00000000fca00000,0x00000000fca00000,0x00000000ffd00000)
 ParOldGen       total 499712K, used 72352K [0x0000000080000000, 0x000000009e800000, 0x00000000d5580000)
  object space 499712K, 14% used [0x0000000080000000,0x00000000846a8020,0x000000009e800000)
 Metaspace       used 97366K, capacity 102668K, committed 102988K, reserved 1138688K
  class space    used 12439K, capacity 13344K, committed 13440K, reserved 1048576K
Event: 4732.113 GC heap after
Heap after GC invocations=22 (full 4):
 PSYoungGen      total 644096K, used 33074K [0x00000000d5580000, 0x0000000100000000, 0x0000000100000000)
  eden space 591872K, 0% used [0x00000000d5580000,0x00000000d5580000,0x00000000f9780000)
  from space 52224K, 63% used [0x00000000fca00000,0x00000000fea4c850,0x00000000ffd00000)
  to   space 51712K, 0% used [0x00000000f9780000,0x00000000f9780000,0x00000000fca00000)
 ParOldGen       total 499712K, used 72360K [0x0000000080000000, 0x000000009e800000, 0x00000000d5580000)
  object space 499712K, 14% used [0x0000000080000000,0x00000000846aa020,0x000000009e800000)
 Metaspace       used 97366K, capacity 102668K, committed 102988K, reserved 1138688K
  class space    used 12439K, capacity 13344K, committed 13440K, reserved 1048576K
}
Event: 4957.724 GC heap before
{Heap before GC invocations=23 (full 4):
 PSYoungGen      total 644096K, used 624946K [0x00000000d5580000, 0x0000000100000000, 0x0000000100000000)
  eden space 591872K, 100% used [0x00000000d5580000,0x00000000f9780000,0x00000000f9780000)
  from space 52224K, 63% used [0x00000000fca00000,0x00000000fea4c850,0x00000000ffd00000)
  to   space 51712K, 0% used [0x00000000f9780000,0x00000000f9780000,0x00000000fca00000)
 ParOldGen       total 499712K, used 72360K [0x0000000080000000, 0x000000009e800000, 0x00000000d5580000)
  object space 499712K, 14% used [0x0000000080000000,0x00000000846aa020,0x000000009e800000)
 Metaspace       used 98647K, capacity 104844K, committed 105036K, reserved 1140736K
  class space    used 12583K, capacity 13636K, committed 13696K, reserved 1048576K
Event: 4957.771 GC heap after
Heap after GC invocations=23 (full 4):
 PSYoungGen      total 643584K, used 34247K [0x00000000d5580000, 0x0000000100000000, 0x0000000100000000)
  eden space 591872K, 0% used [0x00000000d5580000,0x00000000d5580000,0x00000000f9780000)
  from space 51712K, 66% used [0x00000000f9780000,0x00000000fb8f1da8,0x00000000fca00000)
  to   space 52224K, 0% used [0x00000000fcd00000,0x00000000fcd00000,0x0000000100000000)
 ParOldGen       total 499712K, used 72368K [0x0000000080000000, 0x000000009e800000, 0x00000000d5580000)
  object space 499712K, 14% used [0x0000000080000000,0x00000000846ac020,0x000000009e800000)
 Metaspace       used 98647K, capacity 104844K, committed 105036K, reserved 1140736K
  class space    used 12583K, capacity 13636K, committed 13696K, reserved 1048576K
}
Event: 6030.491 GC heap before
{Heap before GC invocations=24 (full 4):
 PSYoungGen      total 643584K, used 626119K [0x00000000d5580000, 0x0000000100000000, 0x0000000100000000)
  eden space 591872K, 100% used [0x00000000d5580000,0x00000000f9780000,0x00000000f9780000)
  from space 51712K, 66% used [0x00000000f9780000,0x00000000fb8f1da8,0x00000000fca00000)
  to   space 52224K, 0% used [0x00000000fcd00000,0x00000000fcd00000,0x0000000100000000)
 ParOldGen       total 499712K, used 72368K [0x0000000080000000, 0x000000009e800000, 0x00000000d5580000)
  object space 499712K, 14% used [0x0000000080000000,0x00000000846ac020,0x000000009e800000)
 Metaspace       used 99159K, capacity 105510K, committed 105804K, reserved 1140736K
  class space    used 12585K, capacity 13637K, committed 13696K, reserved 1048576K
Event: 6030.556 GC heap after
Heap after GC invocations=24 (full 4):
 PSYoungGen      total 646656K, used 34504K [0x00000000d5580000, 0x00000000fff80000, 0x0000000100000000)
  eden space 594944K, 0% used [0x00000000d5580000,0x00000000d5580000,0x00000000f9a80000)
  from space 51712K, 66% used [0x00000000fcd00000,0x00000000feeb2000,0x00000000fff80000)
  to   space 51712K, 0% used [0x00000000f9a80000,0x00000000f9a80000,0x00000000fcd00000)
 ParOldGen       total 499712K, used 72376K [0x0000000080000000, 0x000000009e800000, 0x00000000d5580000)
  object space 499712K, 14% used [0x0000000080000000,0x00000000846ae020,0x000000009e800000)
 Metaspace       used 99159K, capacity 105510K, committed 105804K, reserved 1140736K
  class space    used 12585K, capacity 13637K, committed 13696K, reserved 1048576K
}
Event: 6258.152 GC heap before
{Heap before GC invocations=25 (full 4):
 PSYoungGen      total 646656K, used 629448K [0x00000000d5580000, 0x00000000fff80000, 0x0000000100000000)
  eden space 594944K, 100% used [0x00000000d5580000,0x00000000f9a80000,0x00000000f9a80000)
  from space 51712K, 66% used [0x00000000fcd00000,0x00000000feeb2000,0x00000000fff80000)
  to   space 51712K, 0% used [0x00000000f9a80000,0x00000000f9a80000,0x00000000fcd00000)
 ParOldGen       total 499712K, used 72376K [0x0000000080000000, 0x000000009e800000, 0x00000000d5580000)
  object space 499712K, 14% used [0x0000000080000000,0x00000000846ae020,0x000000009e800000)
 Metaspace       used 100762K, capacity 108816K, committed 109132K, reserved 1144832K
  class space    used 12853K, capacity 14132K, committed 14208K, reserved 1048576K
Event: 6258.214 GC heap after
Heap after GC invocations=25 (full 4):
 PSYoungGen      total 615936K, used 38157K [0x00000000d5580000, 0x00000000ff180000, 0x0000000100000000)
  eden space 577536K, 0% used [0x00000000d5580000,0x00000000d5580000,0x00000000f8980000)
  from space 38400K, 99% used [0x00000000f9a80000,0x00000000fbfc3580,0x00000000fc000000)
  to   space 50688K, 0% used [0x00000000fc000000,0x00000000fc000000,0x00000000ff180000)
 ParOldGen       total 499712K, used 72384K [0x0000000080000000, 0x000000009e800000, 0x00000000d5580000)
  object space 499712K, 14% used [0x0000000080000000,0x00000000846b0020,0x000000009e800000)
 Metaspace       used 100762K, capacity 108816K, committed 109132K, reserved 1144832K
  class space    used 12853K, capacity 14132K, committed 14208K, reserved 1048576K
}
Event: 6731.103 GC heap before
{Heap before GC invocations=26 (full 4):
 PSYoungGen      total 615936K, used 615693K [0x00000000d5580000, 0x00000000ff180000, 0x0000000100000000)
  eden space 577536K, 100% used [0x00000000d5580000,0x00000000f8980000,0x00000000f8980000)
  from space 38400K, 99% used [0x00000000f9a80000,0x00000000fbfc3580,0x00000000fc000000)
  to   space 50688K, 0% used [0x00000000fc000000,0x00000000fc000000,0x00000000ff180000)
 ParOldGen       total 499712K, used 72384K [0x0000000080000000, 0x000000009e800000, 0x00000000d5580000)
  object space 499712K, 14% used [0x0000000080000000,0x00000000846b0020,0x000000009e800000)
 Metaspace       used 101225K, capacity 109300K, committed 109388K, reserved 1144832K
  class space    used 12873K, capacity 14168K, committed 14208K, reserved 1048576K
Event: 6731.126 GC heap after
Heap after GC invocations=26 (full 4):
 PSYoungGen      total 592384K, used 22787K [0x00000000d5580000, 0x00000000fdf00000, 0x0000000100000000)
  eden space 560640K, 0% used [0x00000000d5580000,0x00000000d5580000,0x00000000f7900000)
  from space 31744K, 71% used [0x00000000fc000000,0x00000000fd640e78,0x00000000fdf00000)
  to   space 52224K, 0% used [0x00000000f7900000,0x00000000f7900000,0x00000000fac00000)
 ParOldGen       total 499712K, used 72392K [0x0000000080000000, 0x000000009e800000, 0x00000000d5580000)
  object space 499712K, 14% used [0x0000000080000000,0x00000000846b2020,0x000000009e800000)
 Metaspace       used 101225K, capacity 109300K, committed 109388K, reserved 1144832K
  class space    used 12873K, capacity 14168K, committed 14208K, reserved 1048576K
}

