# JRE version: OpenJDK Runtime Environment (8.0_242-b01) (build 1.8.0_242-release-1644-b01)
# Java VM: OpenJDK 64-Bit Server VM (25.242-b01 mixed mode windows-amd64 compressed oops)
Heap:
 PSYoungGen      total 527872K, used 282615K [0x00000000d5580000, 0x0000000100000000, 0x0000000100000000)
  eden space 490496K, 54% used [0x00000000d5580000,0x00000000e5c2a718,0x00000000f3480000)
  from space 37376K, 36% used [0x00000000f3480000,0x00000000f41d3570,0x00000000f5900000)
  to   space 36352K, 0% used [0x00000000fdc80000,0x00000000fdc80000,0x0000000100000000)
 ParOldGen       total 424448K, used 54665K [0x0000000080000000, 0x0000000099e80000, 0x00000000d5580000)
  object space 424448K, 12% used [0x0000000080000000,0x0000000083562488,0x0000000099e80000)
 Metaspace       used 95160K, capacity 100916K, committed 101656K, reserved 1136640K
  class space    used 12316K, capacity 13308K, committed 13608K, reserved 1048576K
GC Heap History (10 events):
Event: 28.007 GC heap before
{Heap before GC invocations=13 (full 3):
 PSYoungGen      total 380928K, used 380915K [0x00000000d5580000, 0x00000000f0300000, 0x0000000100000000)
  eden space 356352K, 100% used [0x00000000d5580000,0x00000000eb180000,0x00000000eb180000)
  from space 24576K, 99% used [0x00000000eb180000,0x00000000ec97cc80,0x00000000ec980000)
  to   space 32256K, 0% used [0x00000000ee380000,0x00000000ee380000,0x00000000f0300000)
 ParOldGen       total 333312K, used 47168K [0x0000000080000000, 0x0000000094580000, 0x00000000d5580000)
  object space 333312K, 14% used [0x0000000080000000,0x0000000082e10270,0x0000000094580000)
 Metaspace       used 92064K, capacity 97962K, committed 98200K, reserved 1134592K
  class space    used 12335K, capacity 13387K, committed 13480K, reserved 1048576K
Event: 28.042 GC heap after
Heap after GC invocations=13 (full 3):
 PSYoungGen      total 400384K, used 32253K [0x00000000d5580000, 0x00000000f3180000, 0x0000000100000000)
  eden space 368128K, 0% used [0x00000000d5580000,0x00000000d5580000,0x00000000ebd00000)
  from space 32256K, 99% used [0x00000000ee380000,0x00000000f02ff768,0x00000000f0300000)
  to   space 39424K, 0% used [0x00000000ebd00000,0x00000000ebd00000,0x00000000ee380000)
 ParOldGen       total 333312K, used 55235K [0x0000000080000000, 0x0000000094580000, 0x00000000d5580000)
  object space 333312K, 16% used [0x0000000080000000,0x00000000835f0c78,0x0000000094580000)
 Metaspace       used 92064K, capacity 97962K, committed 98200K, reserved 1134592K
  class space    used 12335K, capacity 13387K, committed 13480K, reserved 1048576K
}
Event: 28.138 GC heap before
{Heap before GC invocations=14 (full 3):
 PSYoungGen      total 400384K, used 44821K [0x00000000d5580000, 0x00000000f3180000, 0x0000000100000000)
  eden space 368128K, 3% used [0x00000000d5580000,0x00000000d61c5d20,0x00000000ebd00000)
  from space 32256K, 99% used [0x00000000ee380000,0x00000000f02ff768,0x00000000f0300000)
  to   space 39424K, 0% used [0x00000000ebd00000,0x00000000ebd00000,0x00000000ee380000)
 ParOldGen       total 333312K, used 55235K [0x0000000080000000, 0x0000000094580000, 0x00000000d5580000)
  object space 333312K, 16% used [0x0000000080000000,0x00000000835f0c78,0x0000000094580000)
 Metaspace       used 92662K, capacity 98572K, committed 98600K, reserved 1134592K
  class space    used 12428K, capacity 13480K, committed 13480K, reserved 1048576K
Event: 28.154 GC heap after
Heap after GC invocations=14 (full 3):
 PSYoungGen      total 407552K, used 20004K [0x00000000d5580000, 0x00000000f8200000, 0x0000000100000000)
  eden space 368128K, 0% used [0x00000000d5580000,0x00000000d5580000,0x00000000ebd00000)
  from space 39424K, 50% used [0x00000000ebd00000,0x00000000ed089378,0x00000000ee380000)
  to   space 37888K, 0% used [0x00000000f5d00000,0x00000000f5d00000,0x00000000f8200000)
 ParOldGen       total 333312K, used 66450K [0x0000000080000000, 0x0000000094580000, 0x00000000d5580000)
  object space 333312K, 19% used [0x0000000080000000,0x00000000840e4b08,0x0000000094580000)
 Metaspace       used 92662K, capacity 98572K, committed 98600K, reserved 1134592K
  class space    used 12428K, capacity 13480K, committed 13480K, reserved 1048576K
}
Event: 28.154 GC heap before
{Heap before GC invocations=15 (full 4):
 PSYoungGen      total 407552K, used 20004K [0x00000000d5580000, 0x00000000f8200000, 0x0000000100000000)
  eden space 368128K, 0% used [0x00000000d5580000,0x00000000d5580000,0x00000000ebd00000)
  from space 39424K, 50% used [0x00000000ebd00000,0x00000000ed089378,0x00000000ee380000)
  to   space 37888K, 0% used [0x00000000f5d00000,0x00000000f5d00000,0x00000000f8200000)
 ParOldGen       total 333312K, used 66450K [0x0000000080000000, 0x0000000094580000, 0x00000000d5580000)
  object space 333312K, 19% used [0x0000000080000000,0x00000000840e4b08,0x0000000094580000)
 Metaspace       used 92662K, capacity 98572K, committed 98600K, reserved 1134592K
  class space    used 12428K, capacity 13480K, committed 13480K, reserved 1048576K
Event: 28.314 GC heap after
Heap after GC invocations=15 (full 4):
 PSYoungGen      total 407552K, used 0K [0x00000000d5580000, 0x00000000f8200000, 0x0000000100000000)
  eden space 368128K, 0% used [0x00000000d5580000,0x00000000d5580000,0x00000000ebd00000)
  from space 39424K, 0% used [0x00000000ebd00000,0x00000000ebd00000,0x00000000ee380000)
  to   space 37888K, 0% used [0x00000000f5d00000,0x00000000f5d00000,0x00000000f8200000)
 ParOldGen       total 424448K, used 53915K [0x0000000080000000, 0x0000000099e80000, 0x00000000d5580000)
  object space 424448K, 12% used [0x0000000080000000,0x00000000834a6e88,0x0000000099e80000)
 Metaspace       used 91613K, capacity 95918K, committed 98600K, reserved 1134592K
  class space    used 12061K, capacity 12827K, committed 13480K, reserved 1048576K
}
Event: 168.110 GC heap before
{Heap before GC invocations=16 (full 4):
 PSYoungGen      total 407552K, used 368128K [0x00000000d5580000, 0x00000000f8200000, 0x0000000100000000)
  eden space 368128K, 100% used [0x00000000d5580000,0x00000000ebd00000,0x00000000ebd00000)
  from space 39424K, 0% used [0x00000000ebd00000,0x00000000ebd00000,0x00000000ee380000)
  to   space 37888K, 0% used [0x00000000f5d00000,0x00000000f5d00000,0x00000000f8200000)
 ParOldGen       total 424448K, used 53915K [0x0000000080000000, 0x0000000099e80000, 0x00000000d5580000)
  object space 424448K, 12% used [0x0000000080000000,0x00000000834a6e88,0x0000000099e80000)
 Metaspace       used 93113K, capacity 97910K, committed 99864K, reserved 1136640K
  class space    used 12156K, capacity 13039K, committed 13608K, reserved 1048576K
Event: 168.124 GC heap after
Heap after GC invocations=16 (full 4):
 PSYoungGen      total 523776K, used 10281K [0x00000000d5580000, 0x00000000f7d80000, 0x0000000100000000)
  eden space 490496K, 0% used [0x00000000d5580000,0x00000000d5580000,0x00000000f3480000)
  from space 33280K, 30% used [0x00000000f5d00000,0x00000000f670a538,0x00000000f7d80000)
  to   space 37376K, 0% used [0x00000000f3480000,0x00000000f3480000,0x00000000f5900000)
 ParOldGen       total 424448K, used 53923K [0x0000000080000000, 0x0000000099e80000, 0x00000000d5580000)
  object space 424448K, 12% used [0x0000000080000000,0x00000000834a8e88,0x0000000099e80000)
 Metaspace       used 93113K, capacity 97910K, committed 99864K, reserved 1136640K
  class space    used 12156K, capacity 13039K, committed 13608K, reserved 1048576K
}
Event: 309.591 GC heap before
{Heap before GC invocations=17 (full 4):
 PSYoungGen      total 523776K, used 500777K [0x00000000d5580000, 0x00000000f7d80000, 0x0000000100000000)
  eden space 490496K, 100% used [0x00000000d5580000,0x00000000f3480000,0x00000000f3480000)
  from space 33280K, 30% used [0x00000000f5d00000,0x00000000f670a538,0x00000000f7d80000)
  to   space 37376K, 0% used [0x00000000f3480000,0x00000000f3480000,0x00000000f5900000)
 ParOldGen       total 424448K, used 53923K [0x0000000080000000, 0x0000000099e80000, 0x00000000d5580000)
  object space 424448K, 12% used [0x0000000080000000,0x00000000834a8e88,0x0000000099e80000)
 Metaspace       used 94138K, capacity 99174K, committed 100632K, reserved 1136640K
  class space    used 12208K, capacity 13115K, committed 13608K, reserved 1048576K
Event: 309.617 GC heap after
Heap after GC invocations=17 (full 4):
 PSYoungGen      total 527872K, used 13645K [0x00000000d5580000, 0x0000000100000000, 0x0000000100000000)
  eden space 490496K, 0% used [0x00000000d5580000,0x00000000d5580000,0x00000000f3480000)
  from space 37376K, 36% used [0x00000000f3480000,0x00000000f41d3570,0x00000000f5900000)
  to   space 36352K, 0% used [0x00000000fdc80000,0x00000000fdc80000,0x0000000100000000)
 ParOldGen       total 424448K, used 54665K [0x0000000080000000, 0x0000000099e80000, 0x00000000d5580000)
  object space 424448K, 12% used [0x0000000080000000,0x0000000083562488,0x0000000099e80000)
 Metaspace       used 94138K, capacity 99174K, committed 100632K, reserved 1136640K
  class space    used 12208K, capacity 13115K, committed 13608K, reserved 1048576K
}

